<?xml version="1.0" encoding="UTF-8"?>
<!-- Generated by org.testng.reporters.JUnitReportReporter -->
<testsuite hostname="DESKTOP-RHAVO5R" failures="0" tests="3" name="com.raghib.selenium.testng.TestNgWithXmlClassOne" time="5.740" errors="0" timestamp="2023-07-13T15:50:04 IST" skipped="0">
  <testcase classname="com.raghib.selenium.testng.TestNgWithXmlClassOne" name="testB" time="0.006"/>
  <system-out/>
  <testcase classname="com.raghib.selenium.testng.TestNgWithXmlClassOne" name="testA" time="5.732"/>
  <system-out/>
  <testcase classname="com.raghib.selenium.testng.TestNgWithXmlClassOne" name="testC" time="0.002"/>
  <system-out/>
</testsuite> <!-- com.raghib.selenium.testng.TestNgWithXmlClassOne -->
