<?xml version="1.0" encoding="UTF-8"?>
<!-- Generated by org.testng.reporters.JUnitReportReporter -->
<testsuite skipped="0" hostname="LAPTOP-NR1KSVT0" name="com.raghib.selenium.testng.TestNgWithXmlClassOne" tests="3" failures="0" timestamp="2021-03-31T22:04:38 IST" time="16.183" errors="0">
  <testcase name="testC" time="0.000" classname="com.raghib.selenium.testng.TestNgWithXmlClassOne"/>
  <system-out/>
  <testcase name="testB" time="0.002" classname="com.raghib.selenium.testng.TestNgWithXmlClassOne"/>
  <system-out/>
  <testcase name="testA" time="16.181" classname="com.raghib.selenium.testng.TestNgWithXmlClassOne"/>
  <system-out/>
</testsuite> <!-- com.raghib.selenium.testng.TestNgWithXmlClassOne -->
